State 8 conflicts: 1 shift/reduce


Grammar

    0 $accept: input $end

    1 input: exp EOL
    2      | EOL

    3 exp: NUMBER
    4    | exp PLUS exp


Terminals, with rules where they appear

$end (0) 0
error (256)
EOL (258) 1 2
NUMBER (259) 3
PLUS (260) 4


Nonterminals, with rules where they appear

$accept (6)
    on left: 0
input (7)
    on left: 1 2, on right: 0
exp (8)
    on left: 3 4, on right: 1 4


state 0

    0 $accept: . input $end

    EOL     shift, and go to state 1
    NUMBER  shift, and go to state 2

    input  go to state 3
    exp    go to state 4


state 1

    2 input: EOL .

    $default  reduce using rule 2 (input)


state 2

    3 exp: NUMBER .

    $default  reduce using rule 3 (exp)


state 3

    0 $accept: input . $end

    $end  shift, and go to state 5


state 4

    1 input: exp . EOL
    4 exp: exp . PLUS exp

    EOL   shift, and go to state 6
    PLUS  shift, and go to state 7


state 5

    0 $accept: input $end .

    $default  accept


state 6

    1 input: exp EOL .

    $default  reduce using rule 1 (input)


state 7

    4 exp: exp PLUS . exp

    NUMBER  shift, and go to state 2

    exp  go to state 8


state 8

    4 exp: exp . PLUS exp
    4    | exp PLUS exp .

    PLUS  shift, and go to state 7

    PLUS      [reduce using rule 4 (exp)]
    $default  reduce using rule 4 (exp)
